<?xml version="1.0" encoding="UTF-8"?>
<!-- Generated by org.testng.reporters.JUnitReportReporter -->
<testsuite hostname="DESKTOP-7C911OD" failures="0" tests="1" name="driverFactory.AppTestSupplierModule" time="31.437" errors="0" timestamp="2024-08-10T17:19:13 IST" skipped="0">
  <testcase classname="driverFactory.AppTestSupplierModule" name="addCustomer" time="31.437">
    <system-out>
      <![CDATA[No of Rows: 5
Supplier-00000004560  Supplier-00000004560 Supplier Number is Matching
Supplier-00000004561  Supplier-00000004561 Supplier Number is Matching
Supplier-00000004562  Supplier-00000004562 Supplier Number is Matching
Supplier-00000002646  Supplier-00000004563 Supplier Number is Not Matching
Supplier-00000004564  Supplier-00000004564 Supplier Number is Matching]]>
    </system-out>
  </testcase> <!-- addCustomer -->
  <system-out>
    <![CDATA[No of Rows: 5
Supplier-00000004560  Supplier-00000004560 Supplier Number is Matching
Supplier-00000004561  Supplier-00000004561 Supplier Number is Matching
Supplier-00000004562  Supplier-00000004562 Supplier Number is Matching
Supplier-00000002646  Supplier-00000004563 Supplier Number is Not Matching
Supplier-00000004564  Supplier-00000004564 Supplier Number is Matching]]>
  </system-out>
</testsuite> <!-- driverFactory.AppTestSupplierModule -->
