<?xml version="1.0" encoding="UTF-8"?>
<!-- Generated by org.testng.reporters.JUnitReportReporter -->
<testsuite hostname="DESKTOP-7C911OD" failures="0" tests="1" name="driverFactory.AppTestSupplierModule" time="27.826" errors="0" timestamp="2025-01-01T18:41:04 IST" skipped="0">
  <testcase classname="driverFactory.AppTestSupplierModule" name="addCustomer" time="27.826">
    <system-out>
      <![CDATA[No of Rows: 5
Supplier-00000000016  Supplier-00000000016 Supplier Number is Matching
Supplier-00000000017  Supplier-00000000017 Supplier Number is Matching
Supplier-00000000018  Supplier-00000000018 Supplier Number is Matching
Supplier-00000000019  Supplier-00000000019 Supplier Number is Matching
Supplier-00000000020  Supplier-00000000020 Supplier Number is Matching]]>
    </system-out>
  </testcase> <!-- addCustomer -->
  <system-out>
    <![CDATA[No of Rows: 5
Customer-00000000017  Customer-00000000017  Customer Number Matching
Customer-00000000018  Customer-00000000018  Customer Number Matching
Customer-00000000019  Customer-00000000019  Customer Number Matching
Customer-00000000020  Customer-00000000020  Customer Number Matching
Customer-00000000021  Customer-00000000021  Customer Number Matching
No of Rows: 5
Supplier-00000000016  Supplier-00000000016 Supplier Number is Matching
Supplier-00000000017  Supplier-00000000017 Supplier Number is Matching
Supplier-00000000018  Supplier-00000000018 Supplier Number is Matching
Supplier-00000000019  Supplier-00000000019 Supplier Number is Matching
Supplier-00000000020  Supplier-00000000020 Supplier Number is Matching]]>
  </system-out>
</testsuite> <!-- driverFactory.AppTestSupplierModule -->
